  booksForAdults.cpp
  booksForKids.cpp
  entity.cpp
  Header.cpp
  individual.cpp
  Interface.cpp
  magazinesForAdults.cpp
  magazinesForKids.cpp
  main.cpp
d:\1234\kursovoy\main.cpp(6): warning C4326: возвращаемый тип "main" должен быть "int", а не "void"
d:\1234\kursovoy\interface.cpp(59): warning C4101: decision: неиспользованная локальная переменная
  d:\1234\kursovoy\interface.cpp(57): note: при компиляции функции-члена "<Нет данных>" класса класс <Нет данных>
  d:\1234\kursovoy\interface.cpp(375): note: выполняется компиляция ссылки на экземпляр шаблон функции "void Interface<booksForKids>::orderMenu(std::string,int)"
  d:\1234\kursovoy\interface.cpp(373): note: выполняется компиляция ссылки на экземпляр шаблон класс "Interface<booksForKids>"
  d:\1234\kursovoy\interface.cpp(365): note: при компиляции функции-члена "<Нет данных>" класса класс <Нет данных>
  d:\1234\kursovoy\interface.cpp(39): note: выполняется компиляция ссылки на экземпляр шаблон функции "void Interface<bool>::type_of_books_For_Kids(int)"
  d:\1234\kursovoy\interface.cpp(30): note: при компиляции функции-члена "<Нет данных>" класса класс <Нет данных>
  d:\1234\kursovoy\interface.cpp(20): note: выполняется компиляция ссылки на экземпляр шаблон функции "void Interface<bool>::mainMenu(int)"
  d:\1234\kursovoy\interface.cpp(11): note: при компиляции функции-члена "<Нет данных>" класса класс <Нет данных>
  d:\1234\kursovoy\main.cpp(11): note: выполняется компиляция ссылки на экземпляр шаблон функции "void Interface<bool>::menuForAdminOrClient(void)"
  d:\1234\kursovoy\main.cpp(10): note: выполняется компиляция ссылки на экземпляр шаблон класс "Interface<bool>"
d:\1234\kursovoy\interface.cpp(59): warning C4101: decision3: неиспользованная локальная переменная
d:\1234\kursovoy\interface.cpp(60): warning C4101: yes: неиспользованная локальная переменная
d:\1234\kursovoy\interface.cpp(625): warning C4101: decision: неиспользованная локальная переменная
  d:\1234\kursovoy\interface.cpp(621): note: при компиляции функции-члена "<Нет данных>" класса класс <Нет данных>
  d:\1234\kursovoy\interface.cpp(84): note: выполняется компиляция ссылки на экземпляр шаблон функции "void Interface<booksForKids>::editing_data(List<T> &)"
          with
          [
              T=booksForKids
          ]
  d:\1234\kursovoy\interface.cpp(57): note: при компиляции функции-члена "<Нет данных>" класса класс <Нет данных>
  d:\1234\kursovoy\interface.cpp(375): note: выполняется компиляция ссылки на экземпляр шаблон функции "void Interface<booksForKids>::orderMenu(std::string,int)"
  Proverka.cpp
  service.cpp
  Spisok.cpp
  User1.cpp
d:\1234\kursovoy\user1.cpp(65): warning C4244: =: преобразование "wint_t" в "char", возможна потеря данных
  Создание кода...
d:\1234\kursovoy\user1.cpp(163): warning C4715: User::authorization: значение возвращается не при всех путях выполнения
  kursovoy.vcxproj -> D:\1234\x64\Debug\kursovoy.exe
