d:\1234\kursovoy\x64\debug\vc141.pdb
d:\1234\kursovoy\x64\debug\vc141.idb
d:\1234\kursovoy\x64\debug\user1.obj
d:\1234\kursovoy\x64\debug\spisok.obj
d:\1234\kursovoy\x64\debug\service.obj
d:\1234\kursovoy\x64\debug\proverka.obj
d:\1234\kursovoy\x64\debug\main.obj
d:\1234\kursovoy\x64\debug\magazinesforkids.obj
d:\1234\kursovoy\x64\debug\magazinesforadults.obj
d:\1234\kursovoy\x64\debug\interface.obj
d:\1234\kursovoy\x64\debug\individual.obj
d:\1234\kursovoy\x64\debug\header.obj
d:\1234\kursovoy\x64\debug\entity.obj
d:\1234\kursovoy\x64\debug\booksforkids.obj
d:\1234\kursovoy\x64\debug\booksforadults.obj
d:\1234\x64\debug\kursovoy.ilk
d:\1234\x64\debug\kursovoy.exe
d:\1234\x64\debug\kursovoy.pdb
d:\1234\kursovoy\x64\debug\kursovoy.tlog\cl.command.1.tlog
d:\1234\kursovoy\x64\debug\kursovoy.tlog\cl.read.1.tlog
d:\1234\kursovoy\x64\debug\kursovoy.tlog\cl.write.1.tlog
d:\1234\kursovoy\x64\debug\kursovoy.tlog\link.command.1.tlog
d:\1234\kursovoy\x64\debug\kursovoy.tlog\link.read.1.tlog
d:\1234\kursovoy\x64\debug\kursovoy.tlog\link.write.1.tlog
